<?xml version="1.0" encoding="UTF-8"?>
<testng-results ignored="0" total="1" passed="1" failed="0" skipped="0">
  <reporter-output>
  </reporter-output>
  <suite started-at="2024-12-01T23:54:51 IST" name="Default suite" finished-at="2024-12-01T23:56:30 IST" duration-ms="98891">
    <groups>
    </groups>
    <test started-at="2024-12-01T23:54:51 IST" name="Default test" finished-at="2024-12-01T23:56:30 IST" duration-ms="98891">
      <class name="testNGPackage.ApplicationRegistrationPageTest">
        <test-method is-config="true" signature="setup()[pri:0, instance:testNGPackage.ApplicationRegistrationPageTest@41d477ed]" started-at="2024-12-01T23:54:51 IST" name="setup" finished-at="2024-12-01T23:55:04 IST" duration-ms="12412" status="PASS">
          <reporter-output>
          </reporter-output>
        </test-method> <!-- setup -->
        <test-method signature="registrationTest()[pri:0, instance:testNGPackage.ApplicationRegistrationPageTest@41d477ed]" started-at="2024-12-01T23:55:04 IST" name="registrationTest" finished-at="2024-12-01T23:56:30 IST" duration-ms="86442" status="PASS">
          <reporter-output>
          </reporter-output>
        </test-method> <!-- registrationTest -->
      </class> <!-- testNGPackage.ApplicationRegistrationPageTest -->
    </test> <!-- Default test -->
  </suite> <!-- Default suite -->
</testng-results>
